<?xml version="1.0" encoding="UTF-8"?>
<!-- Generated by org.testng.reporters.JUnitXMLReporter -->
<testsuite ignored="0" hostname="DESKTOP-1S0QB06" failures="0" tests="6" name="Default test" time="6.284" errors="0" timestamp="2024-01-31T17:10:00 EET">
  <testcase classname="AlmosaferProject.MyTestCases" name="CheckTheDeafultLanguageIsEnglish" time="0.045"/>
  <testcase classname="AlmosaferProject.MyTestCases" name="CheckTheDefaultCurrencyIsSAR" time="0.286"/>
  <testcase classname="AlmosaferProject.MyTestCases" name="CheckContactNumber" time="0.039"/>
  <testcase classname="AlmosaferProject.MyTestCases" name="CheckQitafLogo" time="0.05"/>
  <testcase classname="AlmosaferProject.MyTestCases" name="CheckHotelTabIsNotSelectedByDefault" time="0.042"/>
  <testcase classname="AlmosaferProject.MyTestCases" name="RandomMethodToChangeTheLanguage" time="1.313"/>
</testsuite> <!-- Default test -->
