<?xml version="1.0" encoding="UTF-8"?>
<!-- Generated by org.testng.reporters.JUnitXMLReporter -->
<testsuite ignored="6" hostname="DESKTOP-1S0QB06" failures="0" tests="3" name="Default test" time="10.013" errors="0" timestamp="2024-02-03T17:36:14 EET">
  <testcase classname="AlmosaferProject.MyTestCases" name="RandomMethodToChangeTheLanguage" time="0.807"/>
  <testcase classname="AlmosaferProject.MyTestCases" name="SwitchToHotelTab" time="0.706"/>
  <testcase classname="AlmosaferProject.MyTestCases" name="SelectRoomRandomly" time="4.052"/>
  <testcase classname="AlmosaferProject.MyTestCases" name="CheckHotelTabIsNotSelectedByDefault" time="0.0">
    <ignored/>
  </testcase> <!-- CheckHotelTabIsNotSelectedByDefault -->
  <testcase classname="AlmosaferProject.MyTestCases" name="CheckTheDeafultLanguageIsEnglish" time="0.0">
    <ignored/>
  </testcase> <!-- CheckTheDeafultLanguageIsEnglish -->
  <testcase classname="AlmosaferProject.MyTestCases" name="CheckContactNumber" time="0.0">
    <ignored/>
  </testcase> <!-- CheckContactNumber -->
  <testcase classname="AlmosaferProject.MyTestCases" name="CheckQitafLogo" time="0.0">
    <ignored/>
  </testcase> <!-- CheckQitafLogo -->
  <testcase classname="AlmosaferProject.MyTestCases" name="ChickDepartureDateAndRetunDate" time="0.0">
    <ignored/>
  </testcase> <!-- ChickDepartureDateAndRetunDate -->
  <testcase classname="AlmosaferProject.MyTestCases" name="CheckTheDefaultCurrencyIsSAR" time="0.0">
    <ignored/>
  </testcase> <!-- CheckTheDefaultCurrencyIsSAR -->
</testsuite> <!-- Default test -->
